1587404147756	mozrunner::runner	INFO	Running command: "/usr/bin/firefox" "-marionette" "-foreground" "-no-remote" "-profile" "/tmp/rust_mozprofileQ5WNyu"
1587404149434	addons.webextension.doh-rollout@mozilla.org	WARN	Loading extension 'doh-rollout@mozilla.org': Reading manifest: Invalid extension permission: networkStatus
1587404151076	addons.webextension.screenshots@mozilla.org	WARN	Loading extension 'screenshots@mozilla.org': Reading manifest: Invalid extension permission: mozillaAddons
1587404151076	addons.webextension.screenshots@mozilla.org	WARN	Loading extension 'screenshots@mozilla.org': Reading manifest: Invalid extension permission: telemetry
1587404151076	addons.webextension.screenshots@mozilla.org	WARN	Loading extension 'screenshots@mozilla.org': Reading manifest: Invalid extension permission: resource://pdf.js/
1587404151077	addons.webextension.screenshots@mozilla.org	WARN	Loading extension 'screenshots@mozilla.org': Reading manifest: Invalid extension permission: about:reader*
1587404163700	Marionette	INFO	Listening on port 40439
1587404163799	Marionette	WARN	TLS certificate errors will be ignored for this session
1587404173641	Marionette	INFO	Stopped listening on port 40439
1587408249185	mozrunner::runner	INFO	Running command: "/usr/bin/firefox" "-marionette" "-headless" "-foreground" "-no-remote" "-profile" "/tmp/rust_mozprofileu8qMKL"
*** You are running in headless mode.
1587408250285	addons.webextension.doh-rollout@mozilla.org	WARN	Loading extension 'doh-rollout@mozilla.org': Reading manifest: Invalid extension permission: networkStatus
1587408251838	addons.webextension.screenshots@mozilla.org	WARN	Loading extension 'screenshots@mozilla.org': Reading manifest: Invalid extension permission: mozillaAddons
1587408251838	addons.webextension.screenshots@mozilla.org	WARN	Loading extension 'screenshots@mozilla.org': Reading manifest: Invalid extension permission: telemetry
1587408251839	addons.webextension.screenshots@mozilla.org	WARN	Loading extension 'screenshots@mozilla.org': Reading manifest: Invalid extension permission: resource://pdf.js/
1587408251839	addons.webextension.screenshots@mozilla.org	WARN	Loading extension 'screenshots@mozilla.org': Reading manifest: Invalid extension permission: about:reader*
1587408255854	Marionette	INFO	Listening on port 38369
1587408255929	Marionette	WARN	TLS certificate errors will be ignored for this session
JavaScript warning: http://1c-upp.bngf.ru/test_bngf/ru_RU/scripts/mod_main_loader.js?sysver=8.3.10.2667, line 6691: Using //@ to indicate sourceURL pragmas is deprecated. Use //# instead
1587408271717	Marionette	INFO	Stopped listening on port 38369
1587408354377	mozrunner::runner	INFO	Running command: "/usr/bin/firefox" "-marionette" "-headless" "-foreground" "-no-remote" "-profile" "/tmp/rust_mozprofileViPMuT"
*** You are running in headless mode.
1587408355226	addons.webextension.doh-rollout@mozilla.org	WARN	Loading extension 'doh-rollout@mozilla.org': Reading manifest: Invalid extension permission: networkStatus
1587408356743	addons.webextension.screenshots@mozilla.org	WARN	Loading extension 'screenshots@mozilla.org': Reading manifest: Invalid extension permission: mozillaAddons
1587408356743	addons.webextension.screenshots@mozilla.org	WARN	Loading extension 'screenshots@mozilla.org': Reading manifest: Invalid extension permission: telemetry
1587408356743	addons.webextension.screenshots@mozilla.org	WARN	Loading extension 'screenshots@mozilla.org': Reading manifest: Invalid extension permission: resource://pdf.js/
1587408356744	addons.webextension.screenshots@mozilla.org	WARN	Loading extension 'screenshots@mozilla.org': Reading manifest: Invalid extension permission: about:reader*
1587408360266	Marionette	INFO	Listening on port 33349
1587408360302	Marionette	WARN	TLS certificate errors will be ignored for this session
JavaScript warning: http://1c-upp.bngf.ru/test_bngf/ru_RU/scripts/mod_main_loader.js?sysver=8.3.10.2667, line 6691: Using //@ to indicate sourceURL pragmas is deprecated. Use //# instead
1587408372509	Marionette	INFO	Stopped listening on port 33349
1587408905213	mozrunner::runner	INFO	Running command: "/usr/bin/firefox" "-marionette" "-headless" "-foreground" "-no-remote" "-profile" "/tmp/rust_mozprofileIvtl2o"
*** You are running in headless mode.
1587408906137	addons.webextension.doh-rollout@mozilla.org	WARN	Loading extension 'doh-rollout@mozilla.org': Reading manifest: Invalid extension permission: networkStatus
1587408908272	addons.webextension.screenshots@mozilla.org	WARN	Loading extension 'screenshots@mozilla.org': Reading manifest: Invalid extension permission: mozillaAddons
1587408908274	addons.webextension.screenshots@mozilla.org	WARN	Loading extension 'screenshots@mozilla.org': Reading manifest: Invalid extension permission: telemetry
1587408908274	addons.webextension.screenshots@mozilla.org	WARN	Loading extension 'screenshots@mozilla.org': Reading manifest: Invalid extension permission: resource://pdf.js/
1587408908275	addons.webextension.screenshots@mozilla.org	WARN	Loading extension 'screenshots@mozilla.org': Reading manifest: Invalid extension permission: about:reader*
1587408911975	Marionette	INFO	Listening on port 46599
1587408912038	Marionette	WARN	TLS certificate errors will be ignored for this session
JavaScript warning: http://1c-upp.bngf.ru/test_bngf/ru_RU/scripts/mod_main_loader.js?sysver=8.3.10.2667, line 6691: Using //@ to indicate sourceURL pragmas is deprecated. Use //# instead
1587408945431	Marionette	WARN	TimedPromise timed out after 500 ms: stacktrace:
TimedPromise/<@chrome://marionette/content/sync.js:244:13
TimedPromise@chrome://marionette/content/sync.js:229:10
interaction.flushEventLoop@chrome://marionette/content/interaction.js:416:10
webdriverClickElement@chrome://marionette/content/interaction.js:182:31
Vi@http://1c-upp.bngf.ru/test_bngf/ru_RU/scripts/mod_main_loader.js?sysver=8.3.10.2667:699:404
qg@http://1c-upp.bngf.ru/test_bngf/ru_RU/scripts/mod_main_loader.js?sysver=8.3.10.2667:700:413
GK@mod_main_mainform.js?sysver=8.3.10.2667:5088:148
nX@mod_main_mainform.js?sysver=8.3.10.2667:5092:350
R.MJa@mod_main_mainform.js?sysver=8.3.10.2667:6078:392
R.OpenForm@mod_main_mainform.js?sysver=8.3.10.2667:6080:202
bP.prototype._call@mod_main_mainform.js?sysver=8.3.10.2667:1125:447
cP.prototype._call@mod_main_mainform.js?sysver=8.3.10.2667:1130:66
RO.prototype.mF@mod_main_mainform.js?sysver=8.3.10.2667:1111:382
OO[19]@mod_main_mainform.js?sysver=8.3.10.2667:1091:169
QQa@mod_main_mainform.js?sysver=8.3.10.2667:1087:148
fQa@mod_main_mainform.js?sysver=8.3.10.2667:1111:175
yO@mod_main_mainform.js?sysver=8.3.10.2667:1110:465
OO[19]@mod_main_mainform.js?sysver=8.3.10.2667:1091:184
QQa@mod_main_mainform.js?sysver=8.3.10.2667:1087:148
fQa@mod_main_mainform.js?sysver=8.3.10.2667:1111:175
yO@mod_main_mainform.js?sysver=8.3.10.2667:1110:465
WQa/<@mod_main_mainform.js?sysver=8.3.10.2667:1108:235
eK@mod_main_mainform.js?sysver=8.3.10.2667:1083:151
WQa@mod_main_mainform.js?sysver=8.3.10.2667:1108:207
k.Tx@mod_main_mainform.js?sysver=8.3.10.2667:1108:114
cP.prototype.Tx@mod_main_mainform.js?sysver=8.3.10.2667:1129:143
k.hra@mod_main_mainform.js?sysver=8.3.10.2667:6596:406
k.oPa@http://1c-upp.bngf.ru/test_bngf/ru_RU/scripts/mod_main_loader.js?sysver=8.3.10.2667:676:399
k.uOa@http://1c-upp.bngf.ru/test_bngf/ru_RU/scripts/mod_main_loader.js?sysver=8.3.10.2667:677:436
1587408953179	Marionette	INFO	Stopped listening on port 46599
1587409030617	mozrunner::runner	INFO	Running command: "/usr/bin/firefox" "-marionette" "-foreground" "-no-remote" "-profile" "/tmp/rust_mozprofilejwTWhE"
1587409031563	addons.webextension.doh-rollout@mozilla.org	WARN	Loading extension 'doh-rollout@mozilla.org': Reading manifest: Invalid extension permission: networkStatus
1587409033096	addons.webextension.screenshots@mozilla.org	WARN	Loading extension 'screenshots@mozilla.org': Reading manifest: Invalid extension permission: mozillaAddons
1587409033096	addons.webextension.screenshots@mozilla.org	WARN	Loading extension 'screenshots@mozilla.org': Reading manifest: Invalid extension permission: telemetry
1587409033097	addons.webextension.screenshots@mozilla.org	WARN	Loading extension 'screenshots@mozilla.org': Reading manifest: Invalid extension permission: resource://pdf.js/
1587409033097	addons.webextension.screenshots@mozilla.org	WARN	Loading extension 'screenshots@mozilla.org': Reading manifest: Invalid extension permission: about:reader*
1587409037481	Marionette	INFO	Listening on port 45715
1587409037559	Marionette	WARN	TLS certificate errors will be ignored for this session
JavaScript warning: http://1c-upp.bngf.ru/test_bngf/ru_RU/scripts/mod_main_loader.js?sysver=8.3.10.2667, line 6691: Using //@ to indicate sourceURL pragmas is deprecated. Use //# instead
1587409066488	Marionette	WARN	TimedPromise timed out after 500 ms: stacktrace:
TimedPromise/<@chrome://marionette/content/sync.js:244:13
TimedPromise@chrome://marionette/content/sync.js:229:10
interaction.flushEventLoop@chrome://marionette/content/interaction.js:416:10
webdriverClickElement@chrome://marionette/content/interaction.js:182:31
Vi@http://1c-upp.bngf.ru/test_bngf/ru_RU/scripts/mod_main_loader.js?sysver=8.3.10.2667:699:404
qg@http://1c-upp.bngf.ru/test_bngf/ru_RU/scripts/mod_main_loader.js?sysver=8.3.10.2667:700:413
k.Ji@mod_main_mainform.js?sysver=8.3.10.2667:4954:228
oi@mod_main_mainform.js?sysver=8.3.10.2667:4940:321
GK@mod_main_mainform.js?sysver=8.3.10.2667:5088:194
nX@mod_main_mainform.js?sysver=8.3.10.2667:5092:350
R.MJa@mod_main_mainform.js?sysver=8.3.10.2667:6078:392
R.OpenForm@mod_main_mainform.js?sysver=8.3.10.2667:6080:202
bP.prototype._call@mod_main_mainform.js?sysver=8.3.10.2667:1125:447
cP.prototype._call@mod_main_mainform.js?sysver=8.3.10.2667:1130:66
RO.prototype.mF@mod_main_mainform.js?sysver=8.3.10.2667:1111:382
OO[19]@mod_main_mainform.js?sysver=8.3.10.2667:1091:169
QQa@mod_main_mainform.js?sysver=8.3.10.2667:1087:148
fQa@mod_main_mainform.js?sysver=8.3.10.2667:1111:175
yO@mod_main_mainform.js?sysver=8.3.10.2667:1110:465
OO[19]@mod_main_mainform.js?sysver=8.3.10.2667:1091:184
QQa@mod_main_mainform.js?sysver=8.3.10.2667:1087:148
fQa@mod_main_mainform.js?sysver=8.3.10.2667:1111:175
yO@mod_main_mainform.js?sysver=8.3.10.2667:1110:465
WQa/<@mod_main_mainform.js?sysver=8.3.10.2667:1108:235
eK@mod_main_mainform.js?sysver=8.3.10.2667:1083:151
WQa@mod_main_mainform.js?sysver=8.3.10.2667:1108:207
k.Tx@mod_main_mainform.js?sysver=8.3.10.2667:1108:114
cP.prototype.Tx@mod_main_mainform.js?sysver=8.3.10.2667:1129:143
k.hra@mod_main_mainform.js?sysver=8.3.10.2667:6596:406
k.oPa@http://1c-upp.bngf.ru/test_bngf/ru_RU/scripts/mod_main_loader.js?sysver=8.3.10.2667:676:399
k.uOa@http://1c-upp.bngf.ru/test_bngf/ru_RU/scripts/mod_main_loader.js?sysver=8.3.10.2667:677:436
1587409073892	Marionette	INFO	Stopped listening on port 45715
1587409153390	mozrunner::runner	INFO	Running command: "/usr/bin/firefox" "-marionette" "-foreground" "-no-remote" "-profile" "/tmp/rust_mozprofilexs5eT1"
1587409154311	addons.webextension.doh-rollout@mozilla.org	WARN	Loading extension 'doh-rollout@mozilla.org': Reading manifest: Invalid extension permission: networkStatus
1587409155810	addons.webextension.screenshots@mozilla.org	WARN	Loading extension 'screenshots@mozilla.org': Reading manifest: Invalid extension permission: mozillaAddons
1587409155810	addons.webextension.screenshots@mozilla.org	WARN	Loading extension 'screenshots@mozilla.org': Reading manifest: Invalid extension permission: telemetry
1587409155811	addons.webextension.screenshots@mozilla.org	WARN	Loading extension 'screenshots@mozilla.org': Reading manifest: Invalid extension permission: resource://pdf.js/
1587409155812	addons.webextension.screenshots@mozilla.org	WARN	Loading extension 'screenshots@mozilla.org': Reading manifest: Invalid extension permission: about:reader*
1587409161430	Marionette	INFO	Listening on port 33183
1587409161564	Marionette	WARN	TLS certificate errors will be ignored for this session
JavaScript warning: http://1c-upp.bngf.ru/test_bngf/ru_RU/scripts/mod_main_loader.js?sysver=8.3.10.2667, line 6691: Using //@ to indicate sourceURL pragmas is deprecated. Use //# instead
1587409191286	Marionette	WARN	TimedPromise timed out after 500 ms: stacktrace:
TimedPromise/<@chrome://marionette/content/sync.js:244:13
TimedPromise@chrome://marionette/content/sync.js:229:10
interaction.flushEventLoop@chrome://marionette/content/interaction.js:416:10
webdriverClickElement@chrome://marionette/content/interaction.js:182:31
1587409198762	Marionette	INFO	Stopped listening on port 33183
1587409724444	mozrunner::runner	INFO	Running command: "/usr/bin/firefox" "-marionette" "-foreground" "-no-remote" "-profile" "/tmp/rust_mozprofileFtC7Bw"
1587409725443	addons.webextension.doh-rollout@mozilla.org	WARN	Loading extension 'doh-rollout@mozilla.org': Reading manifest: Invalid extension permission: networkStatus
1587409728057	addons.webextension.screenshots@mozilla.org	WARN	Loading extension 'screenshots@mozilla.org': Reading manifest: Invalid extension permission: mozillaAddons
1587409728057	addons.webextension.screenshots@mozilla.org	WARN	Loading extension 'screenshots@mozilla.org': Reading manifest: Invalid extension permission: telemetry
1587409728058	addons.webextension.screenshots@mozilla.org	WARN	Loading extension 'screenshots@mozilla.org': Reading manifest: Invalid extension permission: resource://pdf.js/
1587409728058	addons.webextension.screenshots@mozilla.org	WARN	Loading extension 'screenshots@mozilla.org': Reading manifest: Invalid extension permission: about:reader*
1587409732581	Marionette	INFO	Listening on port 46883
1587409732676	Marionette	WARN	TLS certificate errors will be ignored for this session
JavaScript warning: http://1c-upp.bngf.ru/test_bngf/ru_RU/scripts/mod_main_loader.js?sysver=8.3.10.2667, line 6691: Using //@ to indicate sourceURL pragmas is deprecated. Use //# instead
1587409775418	Marionette	WARN	TimedPromise timed out after 500 ms: stacktrace:
TimedPromise/<@chrome://marionette/content/sync.js:244:13
TimedPromise@chrome://marionette/content/sync.js:229:10
interaction.flushEventLoop@chrome://marionette/content/interaction.js:416:10
webdriverClickElement@chrome://marionette/content/interaction.js:182:31
Vi@http://1c-upp.bngf.ru/test_bngf/ru_RU/scripts/mod_main_loader.js?sysver=8.3.10.2667:699:404
qg@http://1c-upp.bngf.ru/test_bngf/ru_RU/scripts/mod_main_loader.js?sysver=8.3.10.2667:700:413
YO.prototype.ga@mod_main_mainform.js?sysver=8.3.10.2667:1119:35
YO.prototype._call@mod_main_mainform.js?sysver=8.3.10.2667:1120:39
UQa@mod_main_mainform.js?sysver=8.3.10.2667:1107:74
OO[21]@mod_main_mainform.js?sysver=8.3.10.2667:1091:352
QQa@mod_main_mainform.js?sysver=8.3.10.2667:1087:148
fQa@mod_main_mainform.js?sysver=8.3.10.2667:1111:175
yO@mod_main_mainform.js?sysver=8.3.10.2667:1110:465
OO[19]@mod_main_mainform.js?sysver=8.3.10.2667:1091:184
QQa@mod_main_mainform.js?sysver=8.3.10.2667:1087:148
fQa@mod_main_mainform.js?sysver=8.3.10.2667:1111:175
yO@mod_main_mainform.js?sysver=8.3.10.2667:1110:465
WQa/<@mod_main_mainform.js?sysver=8.3.10.2667:1108:235
eK@mod_main_mainform.js?sysver=8.3.10.2667:1083:151
WQa@mod_main_mainform.js?sysver=8.3.10.2667:1108:207
k.Tx@mod_main_mainform.js?sysver=8.3.10.2667:1108:114
cP.prototype.Tx@mod_main_mainform.js?sysver=8.3.10.2667:1129:143
k.hra@mod_main_mainform.js?sysver=8.3.10.2667:6596:406
k.oPa@http://1c-upp.bngf.ru/test_bngf/ru_RU/scripts/mod_main_loader.js?sysver=8.3.10.2667:676:399
k.uOa@http://1c-upp.bngf.ru/test_bngf/ru_RU/scripts/mod_main_loader.js?sysver=8.3.10.2667:677:436
1587409782780	Marionette	INFO	Stopped listening on port 46883
JavaScript error: resource://gre/modules/osfile/osfile_async_front.jsm, line 426: Error: OS.File has been shut down. Rejecting post to stat
1587410155991	mozrunner::runner	INFO	Running command: "/usr/bin/firefox" "-marionette" "-foreground" "-no-remote" "-profile" "/tmp/rust_mozprofileVt51FV"
1587410164484	addons.webextension.doh-rollout@mozilla.org	WARN	Loading extension 'doh-rollout@mozilla.org': Reading manifest: Invalid extension permission: networkStatus
1587410167465	addons.webextension.screenshots@mozilla.org	WARN	Loading extension 'screenshots@mozilla.org': Reading manifest: Invalid extension permission: mozillaAddons
1587410167465	addons.webextension.screenshots@mozilla.org	WARN	Loading extension 'screenshots@mozilla.org': Reading manifest: Invalid extension permission: telemetry
1587410167466	addons.webextension.screenshots@mozilla.org	WARN	Loading extension 'screenshots@mozilla.org': Reading manifest: Invalid extension permission: resource://pdf.js/
1587410167466	addons.webextension.screenshots@mozilla.org	WARN	Loading extension 'screenshots@mozilla.org': Reading manifest: Invalid extension permission: about:reader*
1587410179958	Marionette	INFO	Listening on port 34397
1587410180013	Marionette	WARN	TLS certificate errors will be ignored for this session
JavaScript warning: http://1c-upp.bngf.ru/test_bngf/ru_RU/scripts/mod_main_loader.js?sysver=8.3.10.2667, line 6691: Using //@ to indicate sourceURL pragmas is deprecated. Use //# instead
1587410242033	Marionette	WARN	TimedPromise timed out after 500 ms: stacktrace:
TimedPromise/<@chrome://marionette/content/sync.js:244:13
TimedPromise@chrome://marionette/content/sync.js:229:10
interaction.flushEventLoop@chrome://marionette/content/interaction.js:416:10
webdriverClickElement@chrome://marionette/content/interaction.js:182:31
1587410249509	Marionette	INFO	Stopped listening on port 34397
1587449588289	mozrunner::runner	INFO	Running command: "/usr/bin/firefox" "-marionette" "-foreground" "-no-remote" "-profile" "/tmp/rust_mozprofileqN5zsN"
1587449595414	addons.webextension.doh-rollout@mozilla.org	WARN	Loading extension 'doh-rollout@mozilla.org': Reading manifest: Invalid extension permission: networkStatus
1587449597259	addons.webextension.screenshots@mozilla.org	WARN	Loading extension 'screenshots@mozilla.org': Reading manifest: Invalid extension permission: mozillaAddons
1587449597259	addons.webextension.screenshots@mozilla.org	WARN	Loading extension 'screenshots@mozilla.org': Reading manifest: Invalid extension permission: telemetry
1587449597260	addons.webextension.screenshots@mozilla.org	WARN	Loading extension 'screenshots@mozilla.org': Reading manifest: Invalid extension permission: resource://pdf.js/
1587449597260	addons.webextension.screenshots@mozilla.org	WARN	Loading extension 'screenshots@mozilla.org': Reading manifest: Invalid extension permission: about:reader*
1587449606912	Marionette	INFO	Listening on port 40195
1587449607027	Marionette	WARN	TLS certificate errors will be ignored for this session
JavaScript warning: http://1c-upp.bngf.ru/test_bngf/ru_RU/scripts/mod_main_loader.js?sysver=8.3.10.2667, line 6691: Using //@ to indicate sourceURL pragmas is deprecated. Use //# instead
1587449638241	Marionette	WARN	TimedPromise timed out after 500 ms: stacktrace:
TimedPromise/<@chrome://marionette/content/sync.js:244:13
TimedPromise@chrome://marionette/content/sync.js:229:10
interaction.flushEventLoop@chrome://marionette/content/interaction.js:416:10
webdriverClickElement@chrome://marionette/content/interaction.js:182:31
1587449645690	Marionette	INFO	Stopped listening on port 40195
1587450038057	mozrunner::runner	INFO	Running command: "/usr/bin/firefox" "-marionette" "-headless" "-foreground" "-no-remote" "-profile" "/tmp/rust_mozprofilePNX9rc"
*** You are running in headless mode.
1587450039131	addons.webextension.doh-rollout@mozilla.org	WARN	Loading extension 'doh-rollout@mozilla.org': Reading manifest: Invalid extension permission: networkStatus
1587450040665	addons.webextension.screenshots@mozilla.org	WARN	Loading extension 'screenshots@mozilla.org': Reading manifest: Invalid extension permission: mozillaAddons
1587450040666	addons.webextension.screenshots@mozilla.org	WARN	Loading extension 'screenshots@mozilla.org': Reading manifest: Invalid extension permission: telemetry
1587450040666	addons.webextension.screenshots@mozilla.org	WARN	Loading extension 'screenshots@mozilla.org': Reading manifest: Invalid extension permission: resource://pdf.js/
1587450040666	addons.webextension.screenshots@mozilla.org	WARN	Loading extension 'screenshots@mozilla.org': Reading manifest: Invalid extension permission: about:reader*
1587450044295	Marionette	INFO	Listening on port 42769
1587450044386	Marionette	WARN	TLS certificate errors will be ignored for this session
JavaScript warning: http://1c-upp.bngf.ru/test_bngf/ru_RU/scripts/mod_main_loader.js?sysver=8.3.10.2667, line 6691: Using //@ to indicate sourceURL pragmas is deprecated. Use //# instead
1587450071344	Marionette	WARN	TimedPromise timed out after 500 ms: stacktrace:
TimedPromise/<@chrome://marionette/content/sync.js:244:13
TimedPromise@chrome://marionette/content/sync.js:229:10
interaction.flushEventLoop@chrome://marionette/content/interaction.js:416:10
webdriverClickElement@chrome://marionette/content/interaction.js:182:31
1587450078785	Marionette	INFO	Stopped listening on port 42769
